<?xml version="1.0" encoding="UTF-8"?>
<!-- Generated by org.testng.reporters.JUnitReportReporter -->
<testsuite skipped="1" hostname="DESKTOP-TDJ6NPK" name="com.AutomateTestScripts.DataProvider" tests="1" failures="0" timestamp="2021-12-20T18:46:13 IST" time="0.000" errors="0">
  <testcase name="dataProviderTest" time="0.000" classname="com.AutomateTestScripts.DataProvider">
    <skipped/>
  </testcase> <!-- dataProviderTest -->
  <system-out/>
</testsuite> <!-- com.AutomateTestScripts.DataProvider -->
