<?xml version="1.0" encoding="UTF-8"?>
<!-- Generated by org.testng.reporters.JUnitReportReporter -->
<testsuite skipped="0" hostname="DESKTOP-TDJ6NPK" name="com.AutomateTestScripts.ActitimeWithDataProviderTest" tests="1" failures="0" timestamp="2021-12-20T22:18:41 IST" time="35.042" errors="0">
  <testcase name="actitimeWithDataProviderTest" time="35.042" classname="com.AutomateTestScripts.ActitimeWithDataProviderTest"/>
  <system-out/>
</testsuite> <!-- com.AutomateTestScripts.ActitimeWithDataProviderTest -->
