<?xml version="1.0" encoding="UTF-8"?>
<!-- Generated by org.testng.reporters.JUnitReportReporter -->
<testsuite skipped="0" hostname="DESKTOP-TDJ6NPK" name="com.AutomateTestScripts.Class" tests="1" failures="0" timestamp="2021-12-03T11:10:47 IST" time="31.578" errors="0">
  <testcase name="classtest" time="31.578" classname="com.AutomateTestScripts.Class"/>
  <system-out/>
</testsuite> <!-- com.AutomateTestScripts.Class -->
