<?xml version="1.0" encoding="UTF-8"?>
<!-- Generated by org.testng.reporters.JUnitReportReporter -->
<testsuite skipped="0" hostname="DESKTOP-TDJ6NPK" name="com.AutomateTestScripts.FlipcartPrint1OutOf384Products" tests="1" failures="0" timestamp="2021-12-03T23:25:39 IST" time="19.082" errors="0">
  <testcase name="flipcartPrint1OutOf384ProductsTest" time="19.082" classname="com.AutomateTestScripts.FlipcartPrint1OutOf384Products"/>
  <system-out/>
</testsuite> <!-- com.AutomateTestScripts.FlipcartPrint1OutOf384Products -->
