<?xml version="1.0" encoding="UTF-8"?>
<!-- Generated by org.testng.reporters.JUnitReportReporter -->
<testsuite skipped="0" hostname="DESKTOP-TDJ6NPK" name="com.AutomateTestScripts.InfraAutomateTest" tests="1" failures="0" timestamp="2021-12-07T17:34:18 IST" time="27.179" errors="0">
  <testcase name="infraAutomateTest" time="27.179" classname="com.AutomateTestScripts.InfraAutomateTest"/>
  <system-out/>
</testsuite> <!-- com.AutomateTestScripts.InfraAutomateTest -->
