<?xml version="1.0" encoding="UTF-8"?>
<!-- Generated by org.testng.reporters.JUnitReportReporter -->
<testsuite skipped="0" hostname="DESKTOP-TDJ6NPK" name="com.crm.Jiwaku_Project.testscripts.TC_46" tests="1" failures="0" timestamp="2021-12-27T15:26:03 IST" time="53.120" errors="0">
  <testcase name="createQuoteUnderMoreInformationWithOutMandatoryFieldsTest" time="53.120" classname="com.crm.Jiwaku_Project.testscripts.TC_46"/>
  <system-out/>
</testsuite> <!-- com.crm.Jiwaku_Project.testscripts.TC_46 -->
