<?xml version="1.0" encoding="UTF-8"?>
<!-- Generated by org.testng.reporters.JUnitReportReporter -->
<testsuite skipped="0" hostname="DESKTOP-TDJ6NPK" name="com.AutomateTestScripts.EntityTest" tests="1" failures="0" timestamp="2021-12-22T17:37:41 IST" time="39.293" errors="0">
  <testcase name="entityTest" time="39.293" classname="com.AutomateTestScripts.EntityTest"/>
  <system-out/>
</testsuite> <!-- com.AutomateTestScripts.EntityTest -->
