<?xml version="1.0" encoding="UTF-8"?>
<!-- Generated by org.testng.reporters.JUnitReportReporter -->
<testsuite skipped="0" hostname="DESKTOP-TDJ6NPK" name="com.AutomateTestScripts.FrameHandleTest" tests="1" failures="0" timestamp="2021-12-22T18:02:34 IST" time="9.462" errors="0">
  <testcase name="frameHandleTest" time="9.462" classname="com.AutomateTestScripts.FrameHandleTest"/>
  <system-out/>
</testsuite> <!-- com.AutomateTestScripts.FrameHandleTest -->
