<?xml version="1.0" encoding="UTF-8"?>
<!-- Generated by org.testng.reporters.JUnitReportReporter -->
<testsuite skipped="0" hostname="DESKTOP-TDJ6NPK" name="com.crm.Jiwaku_Project.testscripts.TC_01_CreateContatcWithOrgName" tests="1" failures="0" timestamp="2021-12-27T15:26:03 IST" time="33.808" errors="0">
  <testcase name="tC_01_CreateContatcWithOrgNameTest" time="33.808" classname="com.crm.Jiwaku_Project.testscripts.TC_01_CreateContatcWithOrgName"/>
  <system-out/>
</testsuite> <!-- com.crm.Jiwaku_Project.testscripts.TC_01_CreateContatcWithOrgName -->
