<?xml version="1.0" encoding="UTF-8"?>
<!-- Generated by org.testng.reporters.JUnitReportReporter -->
<testsuite skipped="0" hostname="DESKTOP-TDJ6NPK" name="com.AutomateTestScripts.Calci" tests="1" failures="0" timestamp="2021-12-28T11:59:05 IST" time="0.033" errors="0">
  <testcase name="lamdaExpression" time="0.033" classname="com.AutomateTestScripts.Calci"/>
  <system-out/>
</testsuite> <!-- com.AutomateTestScripts.Calci -->
