<?xml version="1.0" encoding="UTF-8"?>
<!-- Generated by org.testng.reporters.JUnitReportReporter -->
<testsuite skipped="0" hostname="DESKTOP-TDJ6NPK" name="com.AutomateTestScripts.Broken_Llinks" tests="1" failures="0" timestamp="2021-12-28T11:36:51 IST" time="54.441" errors="0">
  <testcase name="Broken_LlinksTest" time="54.441" classname="com.AutomateTestScripts.Broken_Llinks"/>
  <system-out/>
</testsuite> <!-- com.AutomateTestScripts.Broken_Llinks -->
